<?xml version="1.0" encoding="UTF-8"?>
<testng-results ignored="0" total="1" passed="1" failed="0" skipped="0">
  <reporter-output>
  </reporter-output>
  <suite started-at="2024-02-29T01:11:46 IST" name="Default suite" finished-at="2024-02-29T01:11:55 IST" duration-ms="8870">
    <groups>
    </groups>
    <test started-at="2024-02-29T01:11:46 IST" name="Default test" finished-at="2024-02-29T01:11:55 IST" duration-ms="8870">
      <class name="Test.TestLogin">
        <test-method is-config="true" signature="launchApplication()[pri:0, instance:Test.TestLogin@f5acb9d]" started-at="2024-02-29T01:11:46 IST" name="launchApplication" finished-at="2024-02-29T01:11:53 IST" duration-ms="6880" status="PASS">
          <reporter-output>
          </reporter-output>
        </test-method> <!-- launchApplication -->
        <test-method signature="testLogin()[pri:0, instance:Test.TestLogin@f5acb9d]" started-at="2024-02-29T01:11:53 IST" name="testLogin" finished-at="2024-02-29T01:11:54 IST" duration-ms="1759" status="PASS">
          <reporter-output>
          </reporter-output>
        </test-method> <!-- testLogin -->
        <test-method is-config="true" signature="closeBrowser()[pri:0, instance:Test.TestLogin@f5acb9d]" started-at="2024-02-29T01:11:54 IST" name="closeBrowser" finished-at="2024-02-29T01:11:55 IST" duration-ms="176" status="PASS">
          <reporter-output>
          </reporter-output>
        </test-method> <!-- closeBrowser -->
      </class> <!-- Test.TestLogin -->
    </test> <!-- Default test -->
  </suite> <!-- Default suite -->
</testng-results>
